0 info it worked if it ends with ok
1 verbose cli [ '/usr/bin/nodejs',
1 verbose cli   '/home/mota/Desktop/ng2-admin-master/node_modules/.bin/npm',
1 verbose cli   'run',
1 verbose cli   'build:dev' ]
2 info using npm@3.5.4
3 info using node@v6.10.0
4 verbose run-script [ 'prebuild:dev', 'build:dev', 'postbuild:dev' ]
5 info lifecycle ng2-admin@0.9.0~prebuild:dev: ng2-admin@0.9.0
6 verbose lifecycle ng2-admin@0.9.0~prebuild:dev: unsafe-perm in lifecycle true
7 verbose lifecycle ng2-admin@0.9.0~prebuild:dev: PATH: /home/mota/Desktop/ng2-admin-master/node_modules/npm/bin/node-gyp-bin:/home/mota/Desktop/ng2-admin-master/node_modules/.bin:/usr/lib/node_modules/npm/bin/node-gyp-bin:/home/mota/Desktop/ng2-admin-master/node_modules/.bin:/home/mota/bin:/home/mota/.local/bin:/usr/local/sbin:/usr/local/bin:/usr/sbin:/usr/bin:/sbin:/bin:/usr/games:/usr/local/games:/snap/bin
8 verbose lifecycle ng2-admin@0.9.0~prebuild:dev: CWD: /home/mota/Desktop/ng2-admin-master
9 silly lifecycle ng2-admin@0.9.0~prebuild:dev: Args: [ '-c', 'npm run clean:dist' ]
10 silly lifecycle ng2-admin@0.9.0~prebuild:dev: Returned: code: 0  signal: null
11 info lifecycle ng2-admin@0.9.0~build:dev: ng2-admin@0.9.0
12 verbose lifecycle ng2-admin@0.9.0~build:dev: unsafe-perm in lifecycle true
13 verbose lifecycle ng2-admin@0.9.0~build:dev: PATH: /home/mota/Desktop/ng2-admin-master/node_modules/npm/bin/node-gyp-bin:/home/mota/Desktop/ng2-admin-master/node_modules/.bin:/usr/lib/node_modules/npm/bin/node-gyp-bin:/home/mota/Desktop/ng2-admin-master/node_modules/.bin:/home/mota/bin:/home/mota/.local/bin:/usr/local/sbin:/usr/local/bin:/usr/sbin:/usr/bin:/sbin:/bin:/usr/games:/usr/local/games:/snap/bin
14 verbose lifecycle ng2-admin@0.9.0~build:dev: CWD: /home/mota/Desktop/ng2-admin-master
15 silly lifecycle ng2-admin@0.9.0~build:dev: Args: [ '-c',
15 silly lifecycle   ' npm run clean:dist && npm run webpack -- --config config/webpack.dev.js' ]
16 silly lifecycle ng2-admin@0.9.0~build:dev: Returned: code: 1  signal: null
17 info lifecycle ng2-admin@0.9.0~build:dev: Failed to exec build:dev script
18 verbose stack Error: ng2-admin@0.9.0 build:dev: ` npm run clean:dist && npm run webpack -- --config config/webpack.dev.js`
18 verbose stack Exit status 1
18 verbose stack     at EventEmitter.<anonymous> (/home/mota/Desktop/ng2-admin-master/node_modules/npm/lib/utils/lifecycle.js:232:16)
18 verbose stack     at emitTwo (events.js:106:13)
18 verbose stack     at EventEmitter.emit (events.js:191:7)
18 verbose stack     at ChildProcess.<anonymous> (/home/mota/Desktop/ng2-admin-master/node_modules/npm/lib/utils/spawn.js:24:14)
18 verbose stack     at emitTwo (events.js:106:13)
18 verbose stack     at ChildProcess.emit (events.js:191:7)
18 verbose stack     at maybeClose (internal/child_process.js:877:16)
18 verbose stack     at Process.ChildProcess._handle.onexit (internal/child_process.js:226:5)
19 verbose pkgid ng2-admin@0.9.0
20 verbose cwd /home/mota/Desktop/ng2-admin-master
21 error Linux 4.8.0-39-generic
22 error argv "/usr/bin/nodejs" "/home/mota/Desktop/ng2-admin-master/node_modules/.bin/npm" "run" "build:dev"
23 error node v6.10.0
24 error npm  v3.5.4
25 error code ELIFECYCLE
26 error ng2-admin@0.9.0 build:dev: ` npm run clean:dist && npm run webpack -- --config config/webpack.dev.js`
26 error Exit status 1
27 error Failed at the ng2-admin@0.9.0 build:dev script ' npm run clean:dist && npm run webpack -- --config config/webpack.dev.js'.
27 error Make sure you have the latest version of node.js and npm installed.
27 error If you do, this is most likely a problem with the ng2-admin package,
27 error not with npm itself.
27 error Tell the author that this fails on your system:
27 error      npm run clean:dist && npm run webpack -- --config config/webpack.dev.js
27 error You can get information on how to open an issue for this project with:
27 error     npm bugs ng2-admin
27 error Or if that isn't available, you can get their info via:
27 error     npm owner ls ng2-admin
27 error There is likely additional logging output above.
28 verbose exit [ 1, true ]
