[debug] ----------------------------------------------------------------------
[debug] Command:      /usr/bin/nodejs /usr/bin/firebase serve
[debug] CLI Version:  3.6.1
[debug] Platform:     linux
[debug] Node Version: v6.10.0
[debug] Time:         Fri Apr 21 2017 15:19:07 GMT+0100 (WEST)
[debug] ----------------------------------------------------------------------
[debug] 
[debug] > command requires scopes: ["email","openid","https://www.googleapis.com/auth/cloudplatformprojects.readonly","https://www.googleapis.com/auth/firebase","https://www.googleapis.com/auth/cloud-platform"]
[debug] > refreshing access token with scopes: ["email","https://www.googleapis.com/auth/cloud-platform","https://www.googleapis.com/auth/cloudplatformprojects.readonly","https://www.googleapis.com/auth/firebase","openid"]
[debug] >>> HTTP REQUEST POST https://www.googleapis.com/oauth2/v3/token { refresh_token: '1/ycUtyReAQABp-WGlaTBO-kxUdazlknbN72VE1O9_Kmc',
  client_id: '563584335869-fgrhgmd47bqnekij5i8b5pr03ho849e6.apps.googleusercontent.com',
  client_secret: 'j9iVZfS8kkCEFUPaAeJV0sAi',
  grant_type: 'refresh_token',
  scope: 'email https://www.googleapis.com/auth/cloud-platform https://www.googleapis.com/auth/cloudplatformprojects.readonly https://www.googleapis.com/auth/firebase openid' } 
 Fri Apr 21 2017 15:19:07 GMT+0100 (WEST)
[debug] <<< HTTP RESPONSE 200
[debug] >>> HTTP REQUEST GET https://admin.firebase.com/v1/projects/avcproject-fae11  
 Fri Apr 21 2017 15:19:18 GMT+0100 (WEST)
[debug] <<< HTTP RESPONSE 200
[debug] >>> HTTP REQUEST GET https://admin.firebase.com/v1/database/avcproject-fae11/tokens  
 Fri Apr 21 2017 15:19:33 GMT+0100 (WEST)
[debug] <<< HTTP RESPONSE 200
[info] Starting Firebase development server...
[info] 
[info] Project Directory: /home/mota/Desktop/PEI/Repositorio/avc_project
[debug] >>> HTTP REQUEST GET https://cloudresourcemanager.googleapis.com/v1/projects/avcproject-fae11  
 Fri Apr 21 2017 15:19:49 GMT+0100 (WEST)
[debug] <<< HTTP RESPONSE 200
[debug] >>> HTTP REQUEST GET https://mobilesdk-pa.googleapis.com/v1/projects/1031859806052/clients/_:getWebAppConfig  
 Fri Apr 21 2017 15:19:57 GMT+0100 (WEST)
[debug] ----------------------------------------------------------------------
[debug] Command:      /usr/bin/nodejs /usr/bin/firebase serve
[debug] CLI Version:  3.6.1
[debug] Platform:     linux
[debug] Node Version: v6.10.0
[debug] Time:         Fri Apr 21 2017 15:20:05 GMT+0100 (WEST)
[debug] ----------------------------------------------------------------------
[debug] 
[debug] > command requires scopes: ["email","openid","https://www.googleapis.com/auth/cloudplatformprojects.readonly","https://www.googleapis.com/auth/firebase","https://www.googleapis.com/auth/cloud-platform"]
[debug] >>> HTTP REQUEST GET https://admin.firebase.com/v1/projects/avcproject-fae11  
 Fri Apr 21 2017 15:20:05 GMT+0100 (WEST)
[debug] <<< HTTP RESPONSE 200
[debug] >>> HTTP REQUEST GET https://admin.firebase.com/v1/database/avcproject-fae11/tokens  
 Fri Apr 21 2017 15:20:13 GMT+0100 (WEST)
[debug] <<< HTTP RESPONSE 200
[info] Starting Firebase development server...
[info] 
[info] Project Directory: /home/mota/Desktop/PEI/Repositorio/avc_project
[debug] >>> HTTP REQUEST GET https://cloudresourcemanager.googleapis.com/v1/projects/avcproject-fae11  
 Fri Apr 21 2017 15:20:17 GMT+0100 (WEST)
[debug] <<< HTTP RESPONSE 200
[debug] >>> HTTP REQUEST GET https://mobilesdk-pa.googleapis.com/v1/projects/1031859806052/clients/_:getWebAppConfig  
 Fri Apr 21 2017 15:20:24 GMT+0100 (WEST)
[debug] <<< HTTP RESPONSE 200
[info] Public Directory: Plataforma UPDATED
[info] 
[info] Server listening at: http://localhost:5000
